[INFO][router.go:21]2020/03/19 10:00:29 [初始化路由!]
[INFO][router.go:77]2020/03/19 10:00:29 [路由初始化完成！]
[INFO][main.go:34]2020/03/19 10:00:29 [Actual pid is %d 28538]
[DEBUG][voiceservice.go:27]2020/03/19 10:00:35 [enter func GetVoiceServices]
[INFO][main.go:39]2020/03/19 10:17:22 [Server err: %v accept tcp [::]:8000: use of closed network connection]
[INFO][router.go:21]2020/03/19 10:19:58 [初始化路由!]
[INFO][router.go:78]2020/03/19 10:19:58 [路由初始化完成！]
[INFO][main.go:34]2020/03/19 10:19:58 [Actual pid is %d 29435]
[DEBUG][voiceservice.go:70]2020/03/19 10:20:18 [enter func GetVoiceServices]
[DEBUG][voiceservice.go:24]2020/03/19 10:20:25 [enter func GetVoiceService]
[DEBUG][voiceservice.go:24]2020/03/19 10:20:44 [enter func GetVoiceService]
[DEBUG][voiceservice.go:252]2020/03/19 10:20:53 [enter func DelVoiceService]
[DEBUG][voiceservice.go:24]2020/03/19 10:22:31 [enter func GetVoiceService]
[DEBUG][voiceservice.go:70]2020/03/19 10:22:40 [enter func GetVoiceServices]
[DEBUG][voiceservice.go:70]2020/03/19 10:23:00 [enter func GetVoiceServices]
[DEBUG][voiceservice.go:70]2020/03/19 10:23:15 [enter func GetVoiceServices]
[INFO][main.go:39]2020/03/19 10:33:19 [Server err: %v accept tcp [::]:8000: use of closed network connection]
[INFO][router.go:21]2020/03/19 10:33:23 [初始化路由!]
[INFO][router.go:78]2020/03/19 10:33:23 [路由初始化完成！]
[INFO][main.go:34]2020/03/19 10:33:23 [Actual pid is %d 30006]
[INFO][main.go:39]2020/03/19 10:34:49 [Server err: %v accept tcp [::]:8000: use of closed network connection]
[INFO][router.go:21]2020/03/19 10:34:52 [初始化路由!]
[INFO][router.go:78]2020/03/19 10:34:52 [路由初始化完成！]
[INFO][main.go:34]2020/03/19 10:34:52 [Actual pid is %d 30104]
[INFO][main.go:39]2020/03/19 10:36:18 [Server err: %v accept tcp [::]:8000: use of closed network connection]
[INFO][router.go:21]2020/03/19 10:36:20 [初始化路由!]
[INFO][router.go:78]2020/03/19 10:36:20 [路由初始化完成！]
[INFO][main.go:34]2020/03/19 10:36:20 [Actual pid is %d 30196]
[INFO][form.go:16]2020/03/19 10:36:24 [BindAndValid-form: 0xc000124d80]
[INFO][form.go:16]2020/03/19 10:40:34 [BindAndValid-form: 0xc00051a900]
[INFO][request.go:11]2020/03/19 10:40:34 [ApppKey.Required. Can not be empty]
[INFO][request.go:11]2020/03/19 10:40:34 [CreatedBy.Required. Can not be empty]
[INFO][request.go:11]2020/03/19 10:40:34 [State.Range. Range is 0 to 1]
[INFO][main.go:39]2020/03/19 10:41:49 [Server err: %v accept tcp [::]:8000: use of closed network connection]
[INFO][router.go:21]2020/03/19 10:41:52 [初始化路由!]
[INFO][router.go:78]2020/03/19 10:41:52 [路由初始化完成！]
[INFO][main.go:34]2020/03/19 10:41:52 [Actual pid is %d 30487]
[INFO][form.go:17]2020/03/19 10:41:55 [BindAndValid-form:]
[INFO][request.go:11]2020/03/19 10:41:55 [CreatedBy.Required. Can not be empty]
[INFO][request.go:11]2020/03/19 10:41:55 [State.Range. Range is 0 to 1]
[INFO][form.go:17]2020/03/19 10:42:39 [BindAndValid-form:]
[INFO][request.go:11]2020/03/19 10:42:39 [State.Range. Range is 0 to 1]
[INFO][main.go:39]2020/03/19 10:42:44 [Server err: %v accept tcp [::]:8000: use of closed network connection]
[INFO][router.go:21]2020/03/19 10:42:46 [初始化路由!]
[INFO][router.go:78]2020/03/19 10:42:46 [路由初始化完成！]
[INFO][main.go:34]2020/03/19 10:42:46 [Actual pid is %d 30556]
[INFO][form.go:17]2020/03/19 10:42:48 [BindAndValid-form:]
[INFO][request.go:11]2020/03/19 10:42:48 [State.Range. Range is 0 to 1]
[INFO][form.go:17]2020/03/19 10:42:57 [BindAndValid-form:]
[INFO][form.go:17]2020/03/19 10:47:36 [BindAndValid-form:]
[INFO][form.go:17]2020/03/19 10:47:41 [BindAndValid-form:]
[INFO][form.go:17]2020/03/19 10:50:39 [BindAndValid-form:]
[INFO][request.go:11]2020/03/19 10:50:39 [State.Range. Range is 0 to 1]
[INFO][main.go:39]2020/03/19 10:53:30 [Server err: %v accept tcp [::]:8000: use of closed network connection]
[INFO][router.go:21]2020/03/19 10:53:32 [初始化路由!]
[INFO][router.go:78]2020/03/19 10:53:32 [路由初始化完成！]
[INFO][main.go:34]2020/03/19 10:53:32 [Actual pid is %d 31025]
[INFO][form.go:17]2020/03/19 10:57:10 [BindAndValid-form:]
[INFO][request.go:11]2020/03/19 10:57:10 [State.Range. Range is 0 to 1]
[INFO][form.go:17]2020/03/19 10:58:34 [BindAndValid-form:]
[INFO][request.go:11]2020/03/19 10:58:34 [State.Range. Range is 0 to 1]
[INFO][form.go:17]2020/03/19 10:58:41 [BindAndValid-form:]
[INFO][request.go:11]2020/03/19 10:58:41 [CreatedBy.Required. Can not be empty]
[INFO][request.go:11]2020/03/19 10:58:41 [State.Range. Range is 0 to 1]
[DEBUG][voiceservice.go:70]2020/03/19 10:59:27 [enter func GetVoiceServices]
[DEBUG][voiceservice.go:24]2020/03/19 10:59:35 [enter func GetVoiceService]
[DEBUG][voiceservice.go:252]2020/03/19 10:59:38 [enter func DelVoiceService]
[DEBUG][voiceservice.go:203]2020/03/19 11:00:25 [enter func UpdateVoiceService]
[INFO][form.go:17]2020/03/19 11:00:25 [BindAndValid-form:]
[INFO][request.go:11]2020/03/19 11:00:25 [ID.Required. Can not be empty]
[INFO][request.go:11]2020/03/19 11:00:25 [ID.Min. Minimum is 1]
[DEBUG][voiceservice.go:203]2020/03/19 11:00:31 [enter func UpdateVoiceService]
[INFO][form.go:17]2020/03/19 11:00:31 [BindAndValid-form:]
[INFO][request.go:11]2020/03/19 11:00:31 [ID.Required. Can not be empty]
[INFO][request.go:11]2020/03/19 11:00:31 [ID.Min. Minimum is 1]
[DEBUG][voiceservice.go:203]2020/03/19 11:03:34 [enter func UpdateVoiceService]
[INFO][form.go:17]2020/03/19 11:03:34 [BindAndValid-form:]
[INFO][request.go:11]2020/03/19 11:03:34 [ID.Required. Can not be empty]
[INFO][request.go:11]2020/03/19 11:03:34 [ID.Min. Minimum is 1]
[INFO][main.go:39]2020/03/19 11:03:40 [Server err: %v accept tcp [::]:8000: use of closed network connection]
[INFO][router.go:21]2020/03/19 11:03:42 [初始化路由!]
[INFO][router.go:78]2020/03/19 11:03:42 [路由初始化完成！]
[INFO][main.go:34]2020/03/19 11:03:42 [Actual pid is %d 31488]
[DEBUG][voiceservice.go:203]2020/03/19 11:03:45 [enter func UpdateVoiceService]
[INFO][form.go:17]2020/03/19 11:03:45 [BindAndValid-form:]
[DEBUG][voiceservice.go:203]2020/03/19 11:04:03 [enter func UpdateVoiceService]
[INFO][form.go:17]2020/03/19 11:04:03 [BindAndValid-form:]
[DEBUG][voiceservice.go:203]2020/03/19 11:06:37 [enter func UpdateVoiceService]
[INFO][form.go:17]2020/03/19 11:06:37 [BindAndValid-form:]
[INFO][form.go:17]2020/03/19 11:13:42 [BindAndValid-form:]
[INFO][request.go:11]2020/03/19 11:13:42 [State.Range. Range is 0 to 1]
[INFO][form.go:17]2020/03/19 11:13:46 [BindAndValid-form:]
[DEBUG][voiceservice.go:70]2020/03/19 11:13:50 [enter func GetVoiceServices]
[INFO][form.go:17]2020/03/19 11:14:00 [BindAndValid-form:]
[INFO][form.go:17]2020/03/19 11:14:03 [BindAndValid-form:]
[INFO][form.go:17]2020/03/19 11:14:33 [BindAndValid-form:]
[DEBUG][voiceservice.go:70]2020/03/19 11:14:42 [enter func GetVoiceServices]
[DEBUG][voiceservice.go:203]2020/03/19 11:14:55 [enter func UpdateVoiceService]
[INFO][form.go:17]2020/03/19 11:14:55 [BindAndValid-form:]
[DEBUG][voiceservice.go:203]2020/03/19 11:15:01 [enter func UpdateVoiceService]
[INFO][form.go:17]2020/03/19 11:15:01 [BindAndValid-form:]
[DEBUG][voiceservice.go:203]2020/03/19 11:15:35 [enter func UpdateVoiceService]
[INFO][form.go:17]2020/03/19 11:15:35 [BindAndValid-form:]
[INFO][main.go:39]2020/03/19 11:16:49 [Server err: %v accept tcp [::]:8000: use of closed network connection]
[INFO][router.go:21]2020/03/19 11:16:52 [初始化路由!]
[INFO][router.go:78]2020/03/19 11:16:52 [路由初始化完成！]
[INFO][main.go:34]2020/03/19 11:16:52 [Actual pid is %d 32066]
[DEBUG][voiceservice.go:203]2020/03/19 11:16:57 [enter func UpdateVoiceService]
[INFO][form.go:17]2020/03/19 11:16:57 [BindAndValid-form:]
[INFO][request.go:11]2020/03/19 11:16:57 [State.Range. Range is 0 to 1]
[DEBUG][voiceservice.go:203]2020/03/19 11:17:05 [enter func UpdateVoiceService]
[INFO][form.go:17]2020/03/19 11:17:05 [BindAndValid-form:]
[INFO][request.go:11]2020/03/19 11:17:05 [State.Range. Range is 0 to 1]
[DEBUG][voiceservice.go:203]2020/03/19 11:17:09 [enter func UpdateVoiceService]
[INFO][form.go:17]2020/03/19 11:17:09 [BindAndValid-form:]
[DEBUG][voiceservice.go:203]2020/03/19 11:17:23 [enter func UpdateVoiceService]
[INFO][form.go:17]2020/03/19 11:17:23 [BindAndValid-form:]
[DEBUG][voiceservice.go:253]2020/03/19 11:17:47 [enter func DelVoiceService]
[DEBUG][voiceservice.go:253]2020/03/19 11:17:52 [enter func DelVoiceService]
[INFO][main.go:39]2020/03/19 11:18:06 [Server err: %v accept tcp [::]:8000: use of closed network connection]
[INFO][router.go:21]2020/03/19 11:18:39 [初始化路由!]
[INFO][router.go:78]2020/03/19 11:18:39 [路由初始化完成！]
[INFO][main.go:34]2020/03/19 11:18:39 [Actual pid is %d 32167]
[INFO][form.go:17]2020/03/19 11:44:48 [BindAndValid-form:]
[INFO][form.go:17]2020/03/19 11:44:58 [BindAndValid-form:]
[INFO][request.go:11]2020/03/19 11:44:58 [State.Required. Can not be empty]
[INFO][form.go:17]2020/03/19 11:45:16 [BindAndValid-form:]
[INFO][request.go:11]2020/03/19 11:45:16 [State.Required. Can not be empty]
[INFO][form.go:17]2020/03/19 11:45:38 [BindAndValid-form:]
[INFO][form.go:17]2020/03/19 11:45:55 [BindAndValid-form:]
[INFO][form.go:17]2020/03/19 11:46:13 [BindAndValid-form:]
[INFO][form.go:17]2020/03/19 11:46:29 [BindAndValid-form:]
[INFO][request.go:11]2020/03/19 11:46:29 [State.Required. Can not be empty]
[INFO][form.go:17]2020/03/19 11:46:43 [BindAndValid-form:]
[INFO][request.go:11]2020/03/19 11:46:43 [State.Range. Range is 0 to 1]
[INFO][form.go:17]2020/03/19 11:47:04 [BindAndValid-form:]
[DEBUG][voiceservice.go:70]2020/03/19 11:47:08 [enter func GetVoiceServices]
[DEBUG][voiceservice.go:203]2020/03/19 11:47:32 [enter func UpdateVoiceService]
[INFO][form.go:17]2020/03/19 11:47:32 [BindAndValid-form:]
[INFO][request.go:11]2020/03/19 11:47:32 [ModifiedBy.Required. Can not be empty]
[DEBUG][voiceservice.go:203]2020/03/19 11:47:37 [enter func UpdateVoiceService]
[INFO][form.go:17]2020/03/19 11:47:37 [BindAndValid-form:]
[DEBUG][voiceservice.go:70]2020/03/19 11:49:02 [enter func GetVoiceServices]
[DEBUG][voiceservice.go:70]2020/03/19 11:49:13 [enter func GetVoiceServices]
[DEBUG][voiceservice.go:70]2020/03/19 11:49:22 [enter func GetVoiceServices]
[DEBUG][voiceservice.go:70]2020/03/19 11:49:27 [enter func GetVoiceServices]
[INFO][main.go:39]2020/03/19 11:58:14 [Server err: %v accept tcp [::]:8000: use of closed network connection]
[INFO][router.go:21]2020/03/19 11:58:21 [初始化路由!]
[INFO][router.go:78]2020/03/19 11:58:21 [路由初始化完成！]
[INFO][main.go:34]2020/03/19 11:58:21 [Actual pid is %d 1508]
[INFO][main.go:39]2020/03/19 15:47:57 [Server err: %v accept tcp [::]:8000: use of closed network connection]
[INFO][router.go:21]2020/03/19 15:48:04 [初始化路由!]
[INFO][router.go:78]2020/03/19 15:48:04 [路由初始化完成！]
[INFO][main.go:34]2020/03/19 15:48:04 [Actual pid is %d 11212]
[INFO][form.go:17]2020/03/19 15:52:44 [BindAndValid-form:]
[INFO][request.go:11]2020/03/19 15:52:44 [TelNum.Phone. Must be valid telephone or mobile phone number]
[ERROR][game.go:146]2020/03/19 15:52:44 [AddGame  BindAndValid  err: 400]
[INFO][form.go:17]2020/03/19 15:53:09 [BindAndValid-form:]
[INFO][request.go:11]2020/03/19 15:53:09 [State.Range. Range is 0 to 1]
[ERROR][game.go:146]2020/03/19 15:53:09 [AddGame  BindAndValid  err: 400]
[INFO][form.go:17]2020/03/19 15:53:23 [BindAndValid-form:]
[INFO][request.go:11]2020/03/19 15:53:23 [GameType.Range. Range is 1 to 7]
[ERROR][game.go:146]2020/03/19 15:53:23 [AddGame  BindAndValid  err: 400]
[INFO][form.go:17]2020/03/19 15:53:33 [BindAndValid-form:]
[ERROR][game.go:160]2020/03/19 15:53:33 [AddGame  ExistByName  err: record not found]
[INFO][main.go:39]2020/03/19 15:55:24 [Server err: %v accept tcp [::]:8000: use of closed network connection]
[INFO][router.go:21]2020/03/19 15:55:27 [初始化路由!]
[INFO][router.go:78]2020/03/19 15:55:27 [路由初始化完成！]
[INFO][main.go:34]2020/03/19 15:55:27 [Actual pid is %d 11555]
[INFO][form.go:17]2020/03/19 15:55:34 [BindAndValid-form:]
[INFO][game.go:48]2020/03/19 15:55:34 [Add  game: 找你玩 appid: 123123123 appkey: asdasd12ecasdqe12e]
[INFO][main.go:39]2020/03/19 15:58:25 [Server err: %v accept tcp [::]:8000: use of closed network connection]
[INFO][router.go:21]2020/03/19 15:58:28 [初始化路由!]
[INFO][router.go:78]2020/03/19 15:58:28 [路由初始化完成！]
[INFO][main.go:34]2020/03/19 15:58:28 [Actual pid is %d 11713]
[INFO][form.go:17]2020/03/19 15:58:30 [BindAndValid-form:]
[INFO][game.go:48]2020/03/19 15:58:30 [Add  game: 找你玩 appid: 123123123 appkey: asdasd12ecasdqe12e]
[DEBUG][game.go:74]2020/03/19 16:02:31 [enter func GetGames]
[INFO][form.go:17]2020/03/19 16:03:14 [BindAndValid-form:]
[ERROR][game.go:165]2020/03/19 16:03:14 [AddGame   svc   exist: 找你玩]
[INFO][form.go:17]2020/03/19 16:03:29 [BindAndValid-form:]
[INFO][game.go:48]2020/03/19 16:03:29 [Add  game: 找你玩2 appid: 123123123 appkey: asdasd12ecasdqe12e]
[ERROR][game.go:172]2020/03/19 16:03:29 [AddGame    Add  err: Error 1062: Duplicate entry '123123123' for key 'app_id']
[INFO][form.go:17]2020/03/19 16:04:01 [BindAndValid-form:]
[INFO][game.go:48]2020/03/19 16:04:01 [Add  game: 找你玩2 appid: 123123123 appkey: asdasd12ecasdqe12e]
[DEBUG][game.go:74]2020/03/19 16:04:13 [enter func GetGames]
[DEBUG][game.go:74]2020/03/19 16:04:29 [enter func GetGames]
[DEBUG][game.go:199]2020/03/19 16:09:27 [enter func UpdateGame]
[INFO][form.go:17]2020/03/19 16:09:27 [BindAndValid-form:]
[DEBUG][game.go:199]2020/03/19 16:09:57 [enter func UpdateGame]
[INFO][form.go:17]2020/03/19 16:09:57 [BindAndValid-form:]
[DEBUG][game.go:199]2020/03/19 16:12:18 [enter func UpdateGame]
[INFO][form.go:17]2020/03/19 16:12:18 [BindAndValid-form:]
[INFO][request.go:11]2020/03/19 16:12:18 [State.Range. Range is 0 to 1]
[ERROR][game.go:208]2020/03/19 16:12:18 [UpdateGame    BindAndValid  errcode: 400]
[DEBUG][game.go:199]2020/03/19 16:12:29 [enter func UpdateGame]
[INFO][form.go:17]2020/03/19 16:12:29 [BindAndValid-form:]
[INFO][main.go:39]2020/03/19 16:16:17 [Server err: %v accept tcp [::]:8000: use of closed network connection]
[INFO][router.go:21]2020/03/19 16:16:20 [初始化路由!]
[INFO][router.go:78]2020/03/19 16:16:20 [路由初始化完成！]
[INFO][main.go:34]2020/03/19 16:16:20 [Actual pid is %d 12484]
[DEBUG][game.go:199]2020/03/19 16:16:24 [enter func UpdateGame]
[INFO][form.go:17]2020/03/19 16:16:24 [BindAndValid-form:]
[DEBUG][game.go:199]2020/03/19 16:16:34 [enter func UpdateGame]
[INFO][form.go:17]2020/03/19 16:16:34 [BindAndValid-form:]
[ERROR][game.go:235]2020/03/19 16:16:34 [UpdateGame   Edit  err: Error 1062: Duplicate entry '找你玩2' for key 'game']
[DEBUG][game.go:199]2020/03/19 16:17:02 [enter func UpdateGame]
[INFO][form.go:17]2020/03/19 16:17:02 [BindAndValid-form:]
[INFO][request.go:11]2020/03/19 16:17:02 [Game.Required. Can not be empty]
[ERROR][game.go:208]2020/03/19 16:17:02 [UpdateGame    BindAndValid  errcode: 400]
[INFO][main.go:39]2020/03/19 16:17:59 [Server err: %v accept tcp [::]:8000: use of closed network connection]
[INFO][router.go:21]2020/03/19 16:18:01 [初始化路由!]
[INFO][router.go:78]2020/03/19 16:18:01 [路由初始化完成！]
[INFO][main.go:34]2020/03/19 16:18:01 [Actual pid is %d 12586]
[DEBUG][game.go:199]2020/03/19 16:18:09 [enter func UpdateGame]
[INFO][form.go:17]2020/03/19 16:18:09 [BindAndValid-form:]
[DEBUG][game.go:199]2020/03/19 16:18:30 [enter func UpdateGame]
[INFO][form.go:17]2020/03/19 16:18:30 [BindAndValid-form:]
[DEBUG][game.go:250]2020/03/19 16:18:51 [enter func DelGame]
[DEBUG][game.go:74]2020/03/19 16:19:28 [enter func GetGames]
[INFO][main.go:39]2020/03/19 17:27:04 [Server err: %v accept tcp [::]:8000: use of closed network connection]
[INFO][router.go:21]2020/03/19 17:27:20 [初始化路由!]
[INFO][router.go:76]2020/03/19 17:27:20 [路由初始化完成！]
[INFO][main.go:34]2020/03/19 17:27:20 [Actual pid is %d 15711]
[DEBUG][bindmabager.go:24]2020/03/19 17:27:59 [enter func GetBinds]
[INFO][main.go:39]2020/03/19 17:37:42 [Server err: %v accept tcp [::]:8000: use of closed network connection]
[INFO][router.go:21]2020/03/19 17:37:44 [初始化路由!]
[INFO][router.go:76]2020/03/19 17:37:44 [路由初始化完成！]
[INFO][main.go:34]2020/03/19 17:37:44 [Actual pid is %d 16160]
[DEBUG][bindmabager.go:24]2020/03/19 17:37:59 [enter func GetBinds]
[ERROR][bindmabager.go:133]2020/03/19 17:39:11 [AddBind  BindAndValid  err: 400]
[ERROR][bindmabager.go:133]2020/03/19 17:39:38 [AddBind  BindAndValid  err: 400]
[INFO][form.go:17]2020/03/19 17:40:38 [BindAndValid-form:]
[INFO][form.go:17]2020/03/19 17:40:51 [BindAndValid-form:]
[INFO][main.go:39]2020/03/19 17:43:22 [Server err: %v accept tcp [::]:8000: use of closed network connection]
[INFO][router.go:21]2020/03/19 17:43:24 [初始化路由!]
[INFO][router.go:76]2020/03/19 17:43:24 [路由初始化完成！]
[INFO][main.go:34]2020/03/19 17:43:24 [Actual pid is %d 16448]
[INFO][form.go:17]2020/03/19 17:43:30 [BindAndValid-form:]
[ERROR][bindmabager.go:150]2020/03/19 17:43:30 [AddBind   svc   exist game: 测试 Service_id: 11 gameid: 12]
[INFO][form.go:17]2020/03/19 17:44:48 [BindAndValid-form:]
[ERROR][bindmabager.go:150]2020/03/19 17:44:48 [AddBind   svc   exist game: 测试 Service_id: 11 gameid: 12]
[INFO][main.go:39]2020/03/19 17:52:01 [Server err: %v accept tcp [::]:8000: use of closed network connection]
[INFO][router.go:21]2020/03/19 17:52:03 [初始化路由!]
[INFO][router.go:76]2020/03/19 17:52:03 [路由初始化完成！]
[INFO][main.go:34]2020/03/19 17:52:03 [Actual pid is %d 16870]
[INFO][form.go:17]2020/03/19 17:52:20 [BindAndValid-form:]
[ERROR][bindmabager.go:150]2020/03/19 17:52:20 [AddBind   svc   exist game: 测试 Service_id: 11 gameid: 12]
[INFO][form.go:17]2020/03/19 17:52:39 [BindAndValid-form:]
[DEBUG][bindmabager.go:24]2020/03/19 17:53:13 [enter func GetBinds]
[DEBUG][bindmabager.go:73]2020/03/19 17:53:33 [enter func GetBind]
[ERROR][bindmabager.go:97]2020/03/19 17:53:33 [GetBind ExistByID: 1 not exist]
[INFO][main.go:39]2020/03/19 17:54:35 [Server err: %v accept tcp [::]:8000: use of closed network connection]
[INFO][router.go:21]2020/03/19 17:54:37 [初始化路由!]
[INFO][router.go:76]2020/03/19 17:54:37 [路由初始化完成！]
[INFO][main.go:34]2020/03/19 17:54:37 [Actual pid is %d 17014]
[DEBUG][bindmabager.go:73]2020/03/19 17:54:39 [enter func GetBind]
[DEBUG][bindmabager.go:171]2020/03/19 17:55:12 [enter func DelBind]
[DEBUG][bindmabager.go:24]2020/03/19 17:55:21 [enter func GetBinds]
[INFO][main.go:39]2020/03/19 17:56:02 [Server err: %v accept tcp [::]:8000: use of closed network connection]
[INFO][router.go:21]2020/03/19 17:56:07 [初始化路由!]
[INFO][router.go:76]2020/03/19 17:56:07 [路由初始化完成！]
[INFO][main.go:34]2020/03/19 17:56:07 [Actual pid is %d 17117]
[DEBUG][bindmabager.go:24]2020/03/19 17:58:36 [enter func GetBinds]
[DEBUG][bindmabager.go:24]2020/03/19 17:58:49 [enter func GetBinds]
[DEBUG][bindmabager.go:24]2020/03/19 17:58:51 [enter func GetBinds]
[INFO][main.go:39]2020/03/19 18:04:05 [Server err: %v accept tcp [::]:8000: use of closed network connection]
[INFO][router.go:21]2020/03/19 18:04:10 [初始化路由!]
[INFO][router.go:76]2020/03/19 18:04:10 [路由初始化完成！]
[INFO][main.go:33]2020/03/19 18:04:10 [Actual pid is %d 17524]
[INFO][request.go:11]2020/03/19 18:04:38 [Username.Required. Can not be empty]
[INFO][request.go:11]2020/03/19 18:04:38 [Password.Required. Can not be empty]
[INFO][main.go:38]2020/03/19 18:05:10 [Server err: %v accept tcp [::]:8000: use of closed network connection]
[INFO][router.go:21]2020/03/19 18:05:13 [初始化路由!]
[INFO][router.go:76]2020/03/19 18:05:13 [路由初始化完成！]
[INFO][main.go:33]2020/03/19 18:05:13 [Actual pid is %d 17597]
[INFO][main.go:38]2020/03/19 18:05:20 [Server err: %v accept tcp [::]:8000: use of closed network connection]
[INFO][router.go:21]2020/03/19 18:05:24 [初始化路由!]
[INFO][router.go:76]2020/03/19 18:05:24 [路由初始化完成！]
[INFO][main.go:33]2020/03/19 18:05:24 [Actual pid is %d 17643]
[ERROR][auth.go:48]2020/03/19 18:05:36 [auth-check  username: 12 not  exist]
[DEBUG][voiceservice.go:73]2020/03/19 18:06:44 [enter func GetVoiceServices]
[DEBUG][voiceservice.go:73]2020/03/19 18:07:52 [enter func GetVoiceServices]
[DEBUG][voiceservice.go:73]2020/03/19 18:07:58 [enter func GetVoiceServices]
[INFO][main.go:38]2020/03/19 18:08:56 [Server err: %v accept tcp [::]:8000: use of closed network connection]
[INFO][router.go:21]2020/03/19 18:08:58 [初始化路由!]
[INFO][router.go:76]2020/03/19 18:08:58 [路由初始化完成！]
[INFO][main.go:33]2020/03/19 18:08:58 [Actual pid is %d 17820]
[DEBUG][voiceservice.go:73]2020/03/19 18:09:09 [enter func GetVoiceServices]
[DEBUG][voiceservice.go:73]2020/03/19 18:09:24 [enter func GetVoiceServices]
[INFO][main.go:38]2020/03/19 18:09:40 [Server err: %v accept tcp [::]:8000: use of closed network connection]
[INFO][router.go:21]2020/03/19 18:09:44 [初始化路由!]
[INFO][router.go:76]2020/03/19 18:09:44 [路由初始化完成！]
[INFO][main.go:33]2020/03/19 18:09:44 [Actual pid is %d 17881]
[DEBUG][voiceservice.go:73]2020/03/19 18:09:51 [enter func GetVoiceServices]
[DEBUG][voiceservice.go:73]2020/03/19 18:09:55 [enter func GetVoiceServices]
[DEBUG][voiceservice.go:24]2020/03/19 18:10:19 [enter func GetVoiceService]
[ERROR][voiceservice.go:149]2020/03/19 18:11:36 [AddVoiceService  BindAndValid  err: 400]
[ERROR][voiceservice.go:149]2020/03/19 18:12:04 [AddVoiceService  BindAndValid  err: 400]
[ERROR][voiceservice.go:149]2020/03/19 18:13:20 [AddVoiceService  BindAndValid  err: 400]
[ERROR][voiceservice.go:149]2020/03/19 18:14:09 [AddVoiceService  BindAndValid  err: 400]
[ERROR][voiceservice.go:149]2020/03/19 18:14:09 [AddVoiceService  BindAndValid  err: 400]
[ERROR][voiceservice.go:149]2020/03/19 18:14:10 [AddVoiceService  BindAndValid  err: 400]
[ERROR][voiceservice.go:149]2020/03/19 18:14:10 [AddVoiceService  BindAndValid  err: 400]
[ERROR][voiceservice.go:149]2020/03/19 18:14:10 [AddVoiceService  BindAndValid  err: 400]
[INFO][main.go:38]2020/03/19 18:14:51 [Server err: %v accept tcp [::]:8000: use of closed network connection]
[INFO][router.go:21]2020/03/19 18:15:01 [初始化路由!]
[INFO][router.go:76]2020/03/19 18:15:01 [路由初始化完成！]
[INFO][main.go:33]2020/03/19 18:15:01 [Actual pid is %d 18148]
[ERROR][voiceservice.go:149]2020/03/19 18:15:05 [AddVoiceService  BindAndValid  err: 400]
[ERROR][voiceservice.go:149]2020/03/19 18:15:07 [AddVoiceService  BindAndValid  err: 400]
[INFO][form.go:17]2020/03/19 18:15:27 [BindAndValid-form:]
[INFO][request.go:11]2020/03/19 18:15:27 [CreatedBy.Required. Can not be empty]
[ERROR][voiceservice.go:149]2020/03/19 18:15:27 [AddVoiceService  BindAndValid  err: 400]
[INFO][form.go:17]2020/03/19 18:15:41 [BindAndValid-form:]
[INFO][request.go:11]2020/03/19 18:15:41 [CreatedBy.Required. Can not be empty]
[ERROR][voiceservice.go:149]2020/03/19 18:15:41 [AddVoiceService  BindAndValid  err: 400]
[INFO][form.go:17]2020/03/19 18:16:03 [BindAndValid-form:]
[INFO][request.go:11]2020/03/19 18:16:03 [CreatedBy.Required. Can not be empty]
[ERROR][voiceservice.go:149]2020/03/19 18:16:03 [AddVoiceService  BindAndValid  err: 400]
[INFO][main.go:38]2020/03/19 18:16:09 [Server err: %v accept tcp [::]:8000: use of closed network connection]
[INFO][router.go:21]2020/03/19 18:16:13 [初始化路由!]
[INFO][router.go:76]2020/03/19 18:16:13 [路由初始化完成！]
[INFO][main.go:33]2020/03/19 18:16:13 [Actual pid is %d 18240]
[INFO][form.go:17]2020/03/19 18:16:26 [BindAndValid-form:]
[INFO][form.go:17]2020/03/19 18:16:53 [BindAndValid-form:]
[ERROR][voiceservice.go:171]2020/03/19 18:16:53 [AddVoiceService   svc   exist: gvoice312]
[INFO][form.go:17]2020/03/19 18:16:59 [BindAndValid-form:]
[INFO][main.go:38]2020/03/19 18:17:43 [Server err: %v accept tcp [::]:8000: use of closed network connection]
[INFO][router.go:21]2020/03/19 18:17:47 [初始化路由!]
[INFO][router.go:76]2020/03/19 18:17:47 [路由初始化完成！]
[INFO][main.go:33]2020/03/19 18:17:47 [Actual pid is %d 18342]
[ERROR][voiceservice.go:149]2020/03/19 18:18:14 [AddVoiceService  BindAndValid  err: 400]
[ERROR][voiceservice.go:149]2020/03/19 18:18:28 [AddVoiceService  BindAndValid  err: 400]
[INFO][main.go:38]2020/03/19 18:20:20 [Server err: %v accept tcp [::]:8000: use of closed network connection]
[INFO][router.go:21]2020/03/19 18:20:24 [初始化路由!]
[INFO][router.go:76]2020/03/19 18:20:24 [路由初始化完成！]
[INFO][main.go:33]2020/03/19 18:20:24 [Actual pid is %d 18512]
[INFO][form.go:15]2020/03/19 18:21:02 [BindAndValid-bind-err: invalid character '1' looking for beginning of object key string]
[ERROR][voiceservice.go:149]2020/03/19 18:21:02 [AddVoiceService  BindAndValid  err: 400]
[INFO][form.go:15]2020/03/19 18:21:30 [BindAndValid-bind-err: invalid character '1' looking for beginning of object key string]
[ERROR][voiceservice.go:149]2020/03/19 18:21:30 [AddVoiceService  BindAndValid  err: 400]
[INFO][request.go:11]2020/03/19 18:21:47 [Name.Required. Can not be empty]
[INFO][request.go:11]2020/03/19 18:21:47 [AppId.Required. Can not be empty]
[INFO][request.go:11]2020/03/19 18:21:47 [AppKey.Required. Can not be empty]
[INFO][request.go:11]2020/03/19 18:21:47 [UserId.Required. Can not be empty]
[INFO][request.go:11]2020/03/19 18:21:47 [Url.Required. Can not be empty]
[INFO][request.go:11]2020/03/19 18:21:47 [Description.Required. Can not be empty]
[INFO][request.go:11]2020/03/19 18:21:47 [CreatedBy.Required. Can not be empty]
[INFO][request.go:11]2020/03/19 18:21:47 [State.Required. Can not be empty]
[ERROR][voiceservice.go:149]2020/03/19 18:21:47 [AddVoiceService  BindAndValid  err: 400]
[INFO][form.go:15]2020/03/19 18:21:59 [BindAndValid-bind-err: json: cannot unmarshal number into Go value of type v1.AddServiceForm]
[ERROR][voiceservice.go:149]2020/03/19 18:21:59 [AddVoiceService  BindAndValid  err: 400]
[INFO][request.go:11]2020/03/19 18:22:20 [Name.Required. Can not be empty]
[INFO][request.go:11]2020/03/19 18:22:20 [AppId.Required. Can not be empty]
[INFO][request.go:11]2020/03/19 18:22:20 [AppKey.Required. Can not be empty]
[INFO][request.go:11]2020/03/19 18:22:20 [UserId.Required. Can not be empty]
[INFO][request.go:11]2020/03/19 18:22:20 [Url.Required. Can not be empty]
[INFO][request.go:11]2020/03/19 18:22:20 [Description.Required. Can not be empty]
[INFO][request.go:11]2020/03/19 18:22:20 [CreatedBy.Required. Can not be empty]
[INFO][request.go:11]2020/03/19 18:22:20 [State.Required. Can not be empty]
[ERROR][voiceservice.go:149]2020/03/19 18:22:20 [AddVoiceService  BindAndValid  err: 400]
[INFO][form.go:15]2020/03/19 18:22:47 [BindAndValid-bind-err: invalid character '}' after object key]
[ERROR][voiceservice.go:149]2020/03/19 18:22:47 [AddVoiceService  BindAndValid  err: 400]
[INFO][form.go:15]2020/03/19 18:22:58 [BindAndValid-bind-err: invalid character '1' looking for beginning of object key string]
[ERROR][voiceservice.go:149]2020/03/19 18:22:58 [AddVoiceService  BindAndValid  err: 400]
[INFO][form.go:15]2020/03/19 18:23:57 [BindAndValid-bind-err: invalid character '0' looking for beginning of object key string]
[ERROR][voiceservice.go:149]2020/03/19 18:23:57 [AddVoiceService  BindAndValid  err: 400]
[INFO][form.go:15]2020/03/19 18:25:10 [BindAndValid-bind-err: invalid character '`' looking for beginning of object key string]
[ERROR][voiceservice.go:149]2020/03/19 18:25:10 [AddVoiceService  BindAndValid  err: 400]
[INFO][form.go:15]2020/03/19 18:25:22 [BindAndValid-bind-err: invalid character '}' after object key]
[ERROR][voiceservice.go:149]2020/03/19 18:25:22 [AddVoiceService  BindAndValid  err: 400]
[INFO][request.go:11]2020/03/19 18:25:32 [Name.Required. Can not be empty]
[INFO][request.go:11]2020/03/19 18:25:32 [AppId.Required. Can not be empty]
[INFO][request.go:11]2020/03/19 18:25:32 [AppKey.Required. Can not be empty]
[INFO][request.go:11]2020/03/19 18:25:32 [UserId.Required. Can not be empty]
[INFO][request.go:11]2020/03/19 18:25:32 [Url.Required. Can not be empty]
[INFO][request.go:11]2020/03/19 18:25:32 [Description.Required. Can not be empty]
[INFO][request.go:11]2020/03/19 18:25:32 [CreatedBy.Required. Can not be empty]
[INFO][request.go:11]2020/03/19 18:25:32 [State.Required. Can not be empty]
[ERROR][voiceservice.go:149]2020/03/19 18:25:32 [AddVoiceService  BindAndValid  err: 400]
[INFO][form.go:15]2020/03/19 18:25:59 [BindAndValid-bind-err: invalid character 's' looking for beginning of object key string]
[ERROR][voiceservice.go:149]2020/03/19 18:25:59 [AddVoiceService  BindAndValid  err: 400]
[INFO][main.go:38]2020/03/19 18:34:28 [Server err: %v accept tcp [::]:8000: use of closed network connection]
[INFO][router.go:21]2020/03/19 18:34:32 [初始化路由!]
[INFO][router.go:76]2020/03/19 18:34:32 [路由初始化完成！]
[INFO][main.go:33]2020/03/19 18:34:32 [Actual pid is %d 19120]
[DEBUG][bindmabager.go:24]2020/03/19 18:34:51 [enter func GetBinds]
[DEBUG][bindmabager.go:24]2020/03/19 18:35:01 [enter func GetBinds]
[ERROR][bindmabager.go:46]2020/03/19 18:35:01 [GetBinds get svc-list by gameid: 12 serviceid: -1 err: Error 1054: Unknown column 'gvp_game.gameid' in 'where clause']
[INFO][main.go:38]2020/03/19 18:36:50 [Server err: %v accept tcp [::]:8000: use of closed network connection]
[INFO][router.go:21]2020/03/19 18:36:54 [初始化路由!]
[INFO][router.go:76]2020/03/19 18:36:54 [路由初始化完成！]
[INFO][main.go:33]2020/03/19 18:36:54 [Actual pid is %d 19256]
[DEBUG][bindmabager.go:24]2020/03/19 18:37:03 [enter func GetBinds]
[DEBUG][bindmabager.go:24]2020/03/19 18:37:07 [enter func GetBinds]
[ERROR][bindmabager.go:46]2020/03/19 18:37:07 [GetBinds get svc-list by gameid: 12 serviceid: -1 err: Error 1054: Unknown column 'gvp_game.game_id' in 'where clause']
[INFO][main.go:38]2020/03/19 18:39:04 [Server err: %v accept tcp [::]:8000: use of closed network connection]
[INFO][router.go:21]2020/03/19 18:39:09 [初始化路由!]
[INFO][router.go:76]2020/03/19 18:39:09 [路由初始化完成！]
[INFO][main.go:33]2020/03/19 18:39:09 [Actual pid is %d 19403]
[DEBUG][bindmabager.go:24]2020/03/19 18:39:17 [enter func GetBinds]
[ERROR][bindmabager.go:150]2020/03/19 18:39:23 [AddBind   svc   exist game: 测试123123 Service_id: 11 gameid: 12]
[DEBUG][bindmabager.go:24]2020/03/19 18:39:38 [enter func GetBinds]
[DEBUG][bindmabager.go:171]2020/03/19 18:39:42 [enter func DelBind]
[DEBUG][bindmabager.go:73]2020/03/19 18:39:56 [enter func GetBind]
[DEBUG][bindmabager.go:24]2020/03/19 18:40:03 [enter func GetBinds]
[DEBUG][bindmabager.go:24]2020/03/19 18:40:17 [enter func GetBinds]
[DEBUG][bindmabager.go:24]2020/03/19 18:40:44 [enter func GetBinds]
[ERROR][bindmabager.go:46]2020/03/19 18:40:44 [GetBinds get svc-list by gameid: -1 serviceid: 11 err: Error 1054: Unknown column 'gvp_game.service_id' in 'where clause']
[DEBUG][bindmabager.go:24]2020/03/19 18:42:25 [enter func GetBinds]
[INFO][main.go:38]2020/03/19 18:44:07 [Server err: %v accept tcp [::]:8000: use of closed network connection]
[INFO][router.go:21]2020/03/19 18:44:09 [初始化路由!]
[INFO][router.go:76]2020/03/19 18:44:09 [路由初始化完成！]
[INFO][main.go:33]2020/03/19 18:44:09 [Actual pid is %d 19649]
[DEBUG][bindmabager.go:24]2020/03/19 18:44:12 [enter func GetBinds]
[DEBUG][bindmabager.go:24]2020/03/19 18:44:27 [enter func GetBinds]
[DEBUG][bindmabager.go:24]2020/03/19 18:45:14 [enter func GetBinds]
[DEBUG][bindmabager.go:24]2020/03/19 18:45:19 [enter func GetBinds]
[DEBUG][bindmabager.go:24]2020/03/19 18:45:48 [enter func GetBinds]
[DEBUG][bindmabager.go:73]2020/03/19 18:45:58 [enter func GetBind]
[DEBUG][game.go:74]2020/03/19 18:47:09 [enter func GetGames]
[DEBUG][game.go:74]2020/03/19 18:47:18 [enter func GetGames]
[DEBUG][game.go:74]2020/03/19 18:47:21 [enter func GetGames]
[DEBUG][game.go:74]2020/03/19 18:47:33 [enter func GetGames]
[DEBUG][game.go:74]2020/03/19 18:47:36 [enter func GetGames]
[DEBUG][game.go:25]2020/03/19 18:47:46 [enter func GetGame]
[INFO][main.go:38]2020/03/19 18:48:10 [Server err: %v accept tcp [::]:8000: use of closed network connection]
[INFO][router.go:21]2020/03/19 18:48:15 [初始化路由!]
[INFO][router.go:76]2020/03/19 18:48:15 [路由初始化完成！]
[INFO][main.go:33]2020/03/19 18:48:15 [Actual pid is %d 19845]
[INFO][main.go:38]2020/03/19 18:48:50 [Server err: %v accept tcp [::]:8000: use of closed network connection]
[INFO][router.go:21]2020/03/19 18:48:53 [初始化路由!]
[INFO][router.go:76]2020/03/19 18:48:53 [路由初始化完成！]
[INFO][main.go:33]2020/03/19 18:48:54 [Actual pid is %d 19919]
[INFO][main.go:38]2020/03/20 10:48:33 [Server err: %v accept tcp [::]:8000: use of closed network connection]
