[INFO][models.go:22]2020/03/17 13:53:28 [modeles初始化]
[INFO][models.go:59]2020/03/17 13:53:28 [modeles初始化完成]
[INFO][router.go:21]2020/03/17 13:53:28 [初始化路由!]
[INFO][router.go:73]2020/03/17 13:53:28 [路由初始化完成！]
[INFO][main.go:33]2020/03/17 13:53:28 [Actual pid is %d 13376]
[INFO][main.go:38]2020/03/17 13:53:38 [Server err: %v accept tcp [::]:8000: use of closed network connection]
[INFO][models.go:22]2020/03/17 13:53:41 [modeles初始化]
[INFO][models.go:59]2020/03/17 13:53:41 [modeles初始化完成]
[INFO][router.go:21]2020/03/17 13:53:41 [初始化路由!]
[INFO][router.go:73]2020/03/17 13:53:41 [路由初始化完成！]
[INFO][main.go:33]2020/03/17 13:53:41 [Actual pid is %d 13410]
[INFO][main.go:38]2020/03/17 14:37:43 [Server err: %v accept tcp [::]:8000: use of closed network connection]
[INFO][models.go:22]2020/03/17 14:43:01 [modeles初始化]
[INFO][models.go:59]2020/03/17 14:43:01 [modeles初始化完成]
[INFO][router.go:21]2020/03/17 14:43:01 [初始化路由!]
[INFO][router.go:76]2020/03/17 14:43:01 [路由初始化完成！]
[INFO][main.go:33]2020/03/17 14:43:01 [Actual pid is %d 15670]
[INFO][main.go:38]2020/03/17 14:46:42 [Server err: %v accept tcp [::]:8000: use of closed network connection]
[INFO][models.go:22]2020/03/17 14:46:44 [modeles初始化]
[INFO][models.go:59]2020/03/17 14:46:44 [modeles初始化完成]
[INFO][router.go:21]2020/03/17 14:46:44 [初始化路由!]
[INFO][router.go:76]2020/03/17 14:46:44 [路由初始化完成！]
[INFO][main.go:33]2020/03/17 14:46:44 [Actual pid is %d 15851]
[INFO][main.go:38]2020/03/17 16:15:24 [Server err: %v accept tcp [::]:8000: use of closed network connection]
[INFO][models.go:22]2020/03/17 16:15:48 [modeles初始化]
[INFO][models.go:59]2020/03/17 16:15:48 [modeles初始化完成]
[INFO][router.go:21]2020/03/17 16:15:48 [初始化路由!]
[INFO][router.go:76]2020/03/17 16:15:48 [路由初始化完成！]
[INFO][main.go:33]2020/03/17 16:15:48 [Actual pid is %d 19434]
[ERROR][voiceservice.go:121]2020/03/17 16:16:52 [err.key: name err.message: 标题不能为空]
[ERROR][voiceservice.go:121]2020/03/17 16:16:52 [err.key: appid err.message: 简述不能为空]
[ERROR][voiceservice.go:121]2020/03/17 16:16:52 [err.key: appkey err.message: 内容不能为空]
[ERROR][voiceservice.go:121]2020/03/17 16:16:52 [err.key: userid err.message: 创建人不能为空]
[ERROR][voiceservice.go:121]2020/03/17 16:16:52 [err.key: url err.message: 创建人不能为空]
[ERROR][voiceservice.go:121]2020/03/17 16:16:52 [err.key: description err.message: 创建人不能为空]
[ERROR][voiceservice.go:121]2020/03/17 16:16:52 [err.key: created_by err.message: 创建人不能为空]
[INFO][main.go:38]2020/03/17 16:19:36 [Server err: %v accept tcp [::]:8000: use of closed network connection]
[INFO][models.go:22]2020/03/17 16:21:02 [modeles初始化]
[INFO][models.go:59]2020/03/17 16:21:02 [modeles初始化完成]
[INFO][router.go:21]2020/03/17 16:21:02 [初始化路由!]
[INFO][router.go:76]2020/03/17 16:21:02 [路由初始化完成！]
[INFO][main.go:33]2020/03/17 16:21:02 [Actual pid is %d 20597]
[INFO][main.go:38]2020/03/17 16:23:40 [Server err: %v accept tcp [::]:8000: use of closed network connection]
[INFO][models.go:22]2020/03/17 16:23:45 [modeles初始化]
[INFO][models.go:59]2020/03/17 16:23:45 [modeles初始化完成]
[INFO][router.go:21]2020/03/17 16:23:45 [初始化路由!]
[INFO][router.go:76]2020/03/17 16:23:45 [路由初始化完成！]
[INFO][main.go:33]2020/03/17 16:23:45 [Actual pid is %d 20745]
[ERROR][voiceservice.go:121]2020/03/17 16:24:04 [err.key: name err.message: 标题不能为空]
[ERROR][voiceservice.go:121]2020/03/17 16:24:04 [err.key: appid err.message: 简述不能为空]
[ERROR][voiceservice.go:121]2020/03/17 16:24:04 [err.key: appkey err.message: 内容不能为空]
[ERROR][voiceservice.go:121]2020/03/17 16:24:04 [err.key: userid err.message: 创建人不能为空]
[ERROR][voiceservice.go:121]2020/03/17 16:24:04 [err.key: url err.message: 创建人不能为空]
[ERROR][voiceservice.go:121]2020/03/17 16:24:04 [err.key: description err.message: 创建人不能为空]
[ERROR][voiceservice.go:121]2020/03/17 16:24:04 [err.key: created_by err.message: 创建人不能为空]
[INFO][main.go:38]2020/03/17 16:25:03 [Server err: %v accept tcp [::]:8000: use of closed network connection]
[INFO][models.go:22]2020/03/17 16:26:11 [modeles初始化]
[INFO][models.go:59]2020/03/17 16:26:11 [modeles初始化完成]
[INFO][router.go:21]2020/03/17 16:26:11 [初始化路由!]
[INFO][router.go:76]2020/03/17 16:26:11 [路由初始化完成！]
[INFO][main.go:33]2020/03/17 16:26:11 [Actual pid is %d 20912]
[ERROR][voiceservice.go:157]2020/03/17 16:26:39 [err.key: id err.message: ID必须大于0]
[INFO][main.go:38]2020/03/17 16:27:03 [Server err: %v accept tcp [::]:8000: use of closed network connection]
[INFO][models.go:22]2020/03/17 16:27:06 [modeles初始化]
[INFO][models.go:59]2020/03/17 16:27:06 [modeles初始化完成]
[INFO][router.go:21]2020/03/17 16:27:06 [初始化路由!]
[INFO][router.go:76]2020/03/17 16:27:06 [路由初始化完成！]
[INFO][main.go:33]2020/03/17 16:27:06 [Actual pid is %d 20983]
[ERROR][voiceservice.go:157]2020/03/17 16:27:17 [err.key: id err.message: ID必须大于0]
[INFO][main.go:38]2020/03/17 16:33:57 [Server err: %v accept tcp [::]:8000: use of closed network connection]
[INFO][models.go:22]2020/03/17 16:34:01 [modeles初始化]
[INFO][models.go:59]2020/03/17 16:34:01 [modeles初始化完成]
[INFO][router.go:21]2020/03/17 16:34:01 [初始化路由!]
[INFO][router.go:78]2020/03/17 16:34:01 [路由初始化完成！]
[INFO][main.go:33]2020/03/17 16:34:01 [Actual pid is %d 21308]
[INFO][main.go:38]2020/03/17 16:36:35 [Server err: %v accept tcp [::]:8000: use of closed network connection]
[INFO][models.go:22]2020/03/17 16:36:39 [modeles初始化]
[INFO][models.go:59]2020/03/17 16:36:39 [modeles初始化完成]
[INFO][router.go:21]2020/03/17 16:36:39 [初始化路由!]
[INFO][router.go:78]2020/03/17 16:36:39 [路由初始化完成！]
[INFO][main.go:33]2020/03/17 16:36:39 [Actual pid is %d 21458]
[DEBUG][voiceservice.go:48]2020/03/17 16:36:56 [enter func GetVoiceServices]
[DEBUG][voiceservice.go:48]2020/03/17 16:37:59 [enter func GetVoiceServices]
[DEBUG][voiceservice.go:20]2020/03/17 16:39:23 [enter func GetVoiceService,id: 1]
[INFO][main.go:38]2020/03/17 16:40:02 [Server err: %v accept tcp [::]:8000: use of closed network connection]
[INFO][models.go:22]2020/03/17 16:40:08 [modeles初始化]
[INFO][models.go:59]2020/03/17 16:40:08 [modeles初始化完成]
[INFO][router.go:21]2020/03/17 16:40:08 [初始化路由!]
[INFO][router.go:78]2020/03/17 16:40:08 [路由初始化完成！]
[INFO][main.go:33]2020/03/17 16:40:08 [Actual pid is %d 22003]
[DEBUG][voiceservice.go:48]2020/03/17 16:40:34 [enter func GetVoiceServices]
[DEBUG][voiceservice.go:20]2020/03/17 16:40:40 [enter func GetVoiceService,id: 1]
[DEBUG][voiceservice.go:48]2020/03/17 16:40:52 [enter func GetVoiceServices]
[DEBUG][voiceservice.go:20]2020/03/17 16:41:42 [enter func GetVoiceService,id: 1]
[DEBUG][voiceservice.go:145]2020/03/17 16:42:05 [enter func DelVoiceService id: 1]
[INFO][main.go:38]2020/03/17 16:50:30 [Server err: %v accept tcp [::]:8000: use of closed network connection]
[INFO][models.go:22]2020/03/17 16:50:33 [modeles初始化]
[INFO][models.go:59]2020/03/17 16:50:33 [modeles初始化完成]
[INFO][router.go:21]2020/03/17 16:50:33 [初始化路由!]
[INFO][router.go:81]2020/03/17 16:50:33 [路由初始化完成！]
[INFO][main.go:33]2020/03/17 16:50:33 [Actual pid is %d 22469]
[DEBUG][voiceservice.go:175]2020/03/17 16:51:26 [quanjie-name: ]
[DEBUG][voiceservice.go:175]2020/03/17 16:52:28 [quanjie-name: asdadasdasd]
[INFO][main.go:38]2020/03/17 16:56:29 [Server err: %v accept tcp [::]:8000: use of closed network connection]
[INFO][models.go:22]2020/03/17 16:56:32 [modeles初始化]
[INFO][models.go:59]2020/03/17 16:56:32 [modeles初始化完成]
[INFO][router.go:21]2020/03/17 16:56:32 [初始化路由!]
[INFO][router.go:81]2020/03/17 16:56:32 [路由初始化完成！]
[INFO][main.go:33]2020/03/17 16:56:32 [Actual pid is %d 22760]
[INFO][main.go:38]2020/03/17 16:58:45 [Server err: %v accept tcp [::]:8000: use of closed network connection]
[INFO][models.go:22]2020/03/17 16:58:48 [modeles初始化]
[INFO][models.go:59]2020/03/17 16:58:48 [modeles初始化完成]
[INFO][router.go:21]2020/03/17 16:58:48 [初始化路由!]
[INFO][router.go:81]2020/03/17 16:58:48 [路由初始化完成！]
[INFO][main.go:33]2020/03/17 16:58:48 [Actual pid is %d 22880]
[DEBUG][voiceservice.go:176]2020/03/17 16:59:01 [quanjie-name: ]
[DEBUG][voiceservice.go:176]2020/03/17 16:59:03 [quanjie-name: ]
[DEBUG][voiceservice.go:176]2020/03/17 16:59:04 [quanjie-name: ]
[DEBUG][voiceservice.go:176]2020/03/17 16:59:05 [quanjie-name: ]
[DEBUG][voiceservice.go:176]2020/03/17 16:59:12 [quanjie-name: asdadasdasd]
[INFO][main.go:38]2020/03/17 17:15:09 [Server err: %v accept tcp [::]:8000: use of closed network connection]
[INFO][models.go:22]2020/03/17 17:15:11 [modeles初始化]
[INFO][models.go:59]2020/03/17 17:15:11 [modeles初始化完成]
[INFO][router.go:21]2020/03/17 17:15:11 [初始化路由!]
[INFO][router.go:79]2020/03/17 17:15:11 [路由初始化完成！]
[INFO][main.go:33]2020/03/17 17:15:11 [Actual pid is %d 23630]
[INFO][main.go:38]2020/03/17 17:27:49 [Server err: %v accept tcp [::]:8000: use of closed network connection]
[INFO][models.go:22]2020/03/17 17:27:52 [modeles初始化]
[INFO][models.go:59]2020/03/17 17:27:52 [modeles初始化完成]
[INFO][router.go:21]2020/03/17 17:27:52 [初始化路由!]
[INFO][router.go:79]2020/03/17 17:27:52 [路由初始化完成！]
[INFO][main.go:33]2020/03/17 17:27:52 [Actual pid is %d 24192]
[DEBUG][voiceservice.go:48]2020/03/17 17:28:38 [enter func GetVoiceServices]
[DEBUG][voiceservice.go:20]2020/03/17 17:28:47 [enter func GetVoiceService,id: 1]
[DEBUG][voiceservice.go:162]2020/03/17 17:28:56 [enter func DelVoiceService id: 1]
[DEBUG][voiceservice.go:20]2020/03/17 17:29:00 [enter func GetVoiceService,id: 1]
[ERROR][voiceservice.go:140]2020/03/17 17:32:06 [err.key: name err.message: 标题不能为空]
[INFO][main.go:38]2020/03/17 17:46:38 [Server err: %v accept tcp [::]:8000: use of closed network connection]
[INFO][models.go:22]2020/03/17 17:46:41 [modeles初始化]
[INFO][models.go:59]2020/03/17 17:46:41 [modeles初始化完成]
[INFO][router.go:21]2020/03/17 17:46:41 [初始化路由!]
[INFO][router.go:79]2020/03/17 17:46:41 [路由初始化完成！]
[INFO][main.go:33]2020/03/17 17:46:41 [Actual pid is %d 25016]
[DEBUG][voiceservice.go:48]2020/03/17 17:47:27 [enter func GetVoiceServices]
[INFO][main.go:38]2020/03/17 17:49:33 [Server err: %v accept tcp [::]:8000: use of closed network connection]
[INFO][models.go:22]2020/03/17 17:49:47 [modeles初始化]
[INFO][models.go:59]2020/03/17 17:49:47 [modeles初始化完成]
[INFO][router.go:21]2020/03/17 17:49:47 [初始化路由!]
[INFO][router.go:79]2020/03/17 17:49:47 [路由初始化完成！]
[INFO][main.go:33]2020/03/17 17:49:47 [Actual pid is %d 25167]
[DEBUG][voiceservice.go:20]2020/03/17 17:51:01 [enter func GetVoiceService,id: 2]
[INFO][main.go:38]2020/03/17 17:52:19 [Server err: %v accept tcp [::]:8000: use of closed network connection]
[INFO][models.go:22]2020/03/17 17:52:21 [modeles初始化]
[INFO][models.go:59]2020/03/17 17:52:21 [modeles初始化完成]
[INFO][router.go:21]2020/03/17 17:52:21 [初始化路由!]
[INFO][router.go:79]2020/03/17 17:52:21 [路由初始化完成！]
[INFO][main.go:33]2020/03/17 17:52:21 [Actual pid is %d 25325]
[DEBUG][voiceservice.go:156]2020/03/17 17:52:33 [enter func UpdateVoiceService id: 2]
[DEBUG][voiceservice.go:156]2020/03/17 17:53:04 [enter func UpdateVoiceService id: 2]
[DEBUG][voiceservice.go:156]2020/03/17 17:53:28 [enter func UpdateVoiceService id: 2]
[DEBUG][voiceservice.go:156]2020/03/17 17:53:35 [enter func UpdateVoiceService id: 2]
[INFO][main.go:38]2020/03/17 18:04:56 [Server err: %v accept tcp [::]:8000: use of closed network connection]
[INFO][models.go:22]2020/03/17 18:06:01 [modeles初始化]
[INFO][models.go:59]2020/03/17 18:06:01 [modeles初始化完成]
[INFO][router.go:21]2020/03/17 18:06:01 [初始化路由!]
[INFO][router.go:79]2020/03/17 18:06:01 [路由初始化完成！]
[INFO][main.go:33]2020/03/17 18:06:01 [Actual pid is %d 26615]
[INFO][main.go:38]2020/03/17 18:13:07 [Server err: %v accept tcp [::]:8000: use of closed network connection]
[INFO][models.go:22]2020/03/17 18:25:48 [modeles初始化]
[INFO][models.go:59]2020/03/17 18:25:48 [modeles初始化完成]
[INFO][router.go:21]2020/03/17 18:25:48 [初始化路由!]
[INFO][router.go:79]2020/03/17 18:25:48 [路由初始化完成！]
[INFO][main.go:33]2020/03/17 18:25:48 [Actual pid is %d 27517]
[INFO][main.go:38]2020/03/17 18:26:56 [Server err: %v accept tcp [::]:8000: use of closed network connection]
[INFO][models.go:22]2020/03/17 18:27:01 [modeles初始化]
[INFO][models.go:59]2020/03/17 18:27:01 [modeles初始化完成]
[INFO][router.go:21]2020/03/17 18:27:01 [初始化路由!]
[INFO][router.go:79]2020/03/17 18:27:01 [路由初始化完成！]
[INFO][main.go:33]2020/03/17 18:27:01 [Actual pid is %d 27608]
[INFO][main.go:38]2020/03/17 18:27:28 [Server err: %v accept tcp [::]:8000: use of closed network connection]
[INFO][models.go:22]2020/03/17 18:27:32 [modeles初始化]
[INFO][models.go:59]2020/03/17 18:27:32 [modeles初始化完成]
[INFO][router.go:21]2020/03/17 18:27:32 [初始化路由!]
[INFO][router.go:79]2020/03/17 18:27:32 [路由初始化完成！]
[INFO][main.go:33]2020/03/17 18:27:32 [Actual pid is %d 27676]
[INFO][main.go:38]2020/03/17 18:28:03 [Server err: %v accept tcp [::]:8000: use of closed network connection]
[INFO][models.go:22]2020/03/17 18:28:07 [modeles初始化]
[INFO][models.go:59]2020/03/17 18:28:07 [modeles初始化完成]
[INFO][router.go:21]2020/03/17 18:28:07 [初始化路由!]
[INFO][router.go:79]2020/03/17 18:28:07 [路由初始化完成！]
[INFO][main.go:33]2020/03/17 18:28:07 [Actual pid is %d 27737]
[INFO][main.go:38]2020/03/17 18:36:32 [Server err: %v accept tcp [::]:8000: use of closed network connection]
[INFO][models.go:22]2020/03/17 18:36:36 [modeles初始化]
[INFO][models.go:59]2020/03/17 18:36:36 [modeles初始化完成]
[INFO][router.go:21]2020/03/17 18:36:36 [初始化路由!]
[INFO][router.go:79]2020/03/17 18:36:36 [路由初始化完成！]
[INFO][main.go:33]2020/03/17 18:36:36 [Actual pid is %d 28145]
[INFO][main.go:38]2020/03/17 18:37:07 [Server err: %v accept tcp [::]:8000: use of closed network connection]
[INFO][models.go:22]2020/03/17 18:37:12 [modeles初始化]
[INFO][models.go:59]2020/03/17 18:37:12 [modeles初始化完成]
[INFO][router.go:21]2020/03/17 18:37:12 [初始化路由!]
[INFO][router.go:79]2020/03/17 18:37:12 [路由初始化完成！]
[INFO][main.go:33]2020/03/17 18:37:12 [Actual pid is %d 28206]
[INFO][main.go:38]2020/03/17 18:49:37 [Server err: %v accept tcp [::]:8000: use of closed network connection]
[INFO][models.go:22]2020/03/17 18:49:54 [modeles初始化]
[INFO][models.go:59]2020/03/17 18:49:54 [modeles初始化完成]
[INFO][router.go:21]2020/03/17 18:49:54 [初始化路由!]
[INFO][router.go:79]2020/03/17 18:49:54 [路由初始化完成！]
[INFO][main.go:33]2020/03/17 18:49:54 [Actual pid is %d 28763]
[INFO][main.go:38]2020/03/17 18:53:22 [Server err: %v accept tcp [::]:8000: use of closed network connection]
[INFO][models.go:22]2020/03/17 18:54:31 [modeles初始化]
[INFO][models.go:59]2020/03/17 18:54:31 [modeles初始化完成]
[INFO][router.go:21]2020/03/17 18:54:31 [初始化路由!]
[INFO][router.go:79]2020/03/17 18:54:31 [路由初始化完成！]
[INFO][main.go:33]2020/03/17 18:54:31 [Actual pid is %d 29018]
[INFO][main.go:38]2020/03/17 18:58:25 [Server err: %v accept tcp [::]:8000: use of closed network connection]
[INFO][models.go:22]2020/03/17 18:58:40 [modeles初始化]
[INFO][models.go:59]2020/03/17 18:58:40 [modeles初始化完成]
[INFO][router.go:21]2020/03/17 18:58:40 [初始化路由!]
[INFO][router.go:79]2020/03/17 18:58:40 [路由初始化完成！]
[INFO][main.go:33]2020/03/17 18:58:40 [Actual pid is %d 29234]
[INFO][main.go:38]2020/03/17 18:59:00 [Server err: %v accept tcp [::]:8000: use of closed network connection]
[INFO][models.go:22]2020/03/17 18:59:06 [modeles初始化]
[INFO][models.go:59]2020/03/17 18:59:06 [modeles初始化完成]
[INFO][router.go:21]2020/03/17 18:59:06 [初始化路由!]
[INFO][router.go:79]2020/03/17 18:59:06 [路由初始化完成！]
[INFO][main.go:33]2020/03/17 18:59:06 [Actual pid is %d 29296]
[INFO][main.go:38]2020/03/17 19:00:29 [Server err: %v accept tcp [::]:8000: use of closed network connection]
[INFO][models.go:22]2020/03/17 19:00:34 [modeles初始化]
[INFO][models.go:59]2020/03/17 19:00:34 [modeles初始化完成]
[INFO][router.go:21]2020/03/17 19:00:34 [初始化路由!]
[INFO][router.go:79]2020/03/17 19:00:34 [路由初始化完成！]
[INFO][main.go:33]2020/03/17 19:00:34 [Actual pid is %d 29412]
[INFO][main.go:38]2020/03/18 10:22:05 [Server err: %v accept tcp [::]:8000: use of closed network connection]
