[INFO][models.go:22]2020/03/18 10:22:17 [modeles初始化]
[INFO][models.go:59]2020/03/18 10:22:17 [modeles初始化完成]
[INFO][router.go:26]2020/03/18 10:22:17 [初始化路由!]
[INFO][router.go:84]2020/03/18 10:22:17 [路由初始化完成！]
[INFO][main.go:33]2020/03/18 10:22:17 [Actual pid is %d 1389]
[INFO][main.go:38]2020/03/18 10:23:30 [Server err: %v accept tcp [::]:8000: use of closed network connection]
[INFO][models.go:22]2020/03/18 10:23:34 [modeles初始化]
[INFO][models.go:59]2020/03/18 10:23:34 [modeles初始化完成]
[INFO][router.go:24]2020/03/18 10:23:34 [初始化路由!]
[INFO][router.go:82]2020/03/18 10:23:34 [路由初始化完成！]
[INFO][main.go:33]2020/03/18 10:23:34 [Actual pid is %d 1493]
[INFO][main.go:38]2020/03/18 10:24:02 [Server err: %v accept tcp [::]:8000: use of closed network connection]
[INFO][models.go:22]2020/03/18 10:24:05 [modeles初始化]
[INFO][models.go:59]2020/03/18 10:24:05 [modeles初始化完成]
[INFO][router.go:21]2020/03/18 10:24:05 [初始化路由!]
[INFO][router.go:79]2020/03/18 10:24:05 [路由初始化完成！]
[INFO][main.go:39]2020/03/18 10:24:05 [Actual pid is %d 1550]
[INFO][main.go:44]2020/03/18 10:24:06 [Server err: %v accept tcp [::]:8000: use of closed network connection]
[INFO][models.go:22]2020/03/18 10:24:12 [modeles初始化]
[INFO][models.go:59]2020/03/18 10:24:12 [modeles初始化完成]
[INFO][router.go:21]2020/03/18 10:24:12 [初始化路由!]
[INFO][router.go:79]2020/03/18 10:24:12 [路由初始化完成！]
[INFO][main.go:39]2020/03/18 10:24:12 [Actual pid is %d 1610]
[INFO][main.go:44]2020/03/18 11:21:57 [Server err: %v accept tcp [::]:8000: use of closed network connection]
[INFO][models.go:22]2020/03/18 11:22:03 [modeles初始化]
[INFO][models.go:59]2020/03/18 11:22:03 [modeles初始化完成]
[INFO][router.go:21]2020/03/18 11:22:03 [初始化路由!]
[INFO][router.go:79]2020/03/18 11:22:03 [路由初始化完成！]
[INFO][main.go:39]2020/03/18 11:22:03 [Actual pid is %d 4223]
[INFO][main.go:44]2020/03/18 12:03:36 [Server err: %v accept tcp [::]:8000: use of closed network connection]
[INFO][models.go:22]2020/03/18 12:21:56 [modeles初始化]
[INFO][models.go:59]2020/03/18 12:21:56 [modeles初始化完成]
[INFO][router.go:21]2020/03/18 12:21:56 [初始化路由!]
[INFO][router.go:79]2020/03/18 12:21:56 [路由初始化完成！]
[INFO][main.go:39]2020/03/18 12:21:56 [Actual pid is %d 6836]
[INFO][main.go:44]2020/03/18 13:48:58 [Server err: %v accept tcp [::]:8000: use of closed network connection]
[INFO][models.go:22]2020/03/18 14:02:53 [modeles初始化]
[INFO][models.go:59]2020/03/18 14:02:53 [modeles初始化完成]
[INFO][router.go:21]2020/03/18 14:02:53 [初始化路由!]
[INFO][router.go:79]2020/03/18 14:02:53 [路由初始化完成！]
[INFO][main.go:39]2020/03/18 14:02:53 [Actual pid is %d 11180]
[INFO][main.go:44]2020/03/18 14:02:58 [Server err: %v accept tcp [::]:8000: use of closed network connection]
[INFO][models.go:23]2020/03/18 14:15:16 [modeles初始化]
[INFO][models.go:63]2020/03/18 14:15:16 [modeles初始化完成]
[INFO][router.go:21]2020/03/18 14:15:16 [初始化路由!]
[INFO][router.go:79]2020/03/18 14:15:16 [路由初始化完成！]
[INFO][main.go:39]2020/03/18 14:15:16 [Actual pid is %d 11761]
[DEBUG][voiceservice.go:28]2020/03/18 14:15:36 [enter func GetVoiceService,id: 1]
[DEBUG][voiceservice.go:61]2020/03/18 14:15:49 [enter func GetVoiceServices]
[DEBUG][voiceservice.go:28]2020/03/18 14:16:00 [enter func GetVoiceService,id: 2]
[DEBUG][voiceservice.go:194]2020/03/18 14:17:14 [enter func UpdateVoiceService id: 2]
[INFO][main.go:44]2020/03/18 14:28:50 [Server err: %v accept tcp [::]:8000: use of closed network connection]
[INFO][models.go:24]2020/03/18 14:28:53 [modeles初始化]
[INFO][models.go:65]2020/03/18 14:28:53 [modeles初始化完成]
[INFO][router.go:21]2020/03/18 14:28:53 [初始化路由!]
[INFO][router.go:79]2020/03/18 14:28:53 [路由初始化完成！]
[INFO][main.go:39]2020/03/18 14:28:53 [Actual pid is %d 12341]
[DEBUG][voiceservice.go:61]2020/03/18 14:29:02 [enter func GetVoiceServices]
[DEBUG][voiceservice.go:276]2020/03/18 14:29:13 [enter func DelVoiceService id: 3]
[INFO][main.go:44]2020/03/18 14:40:09 [Server err: %v accept tcp [::]:8000: use of closed network connection]
[INFO][models.go:24]2020/03/18 14:40:12 [modeles初始化]
[INFO][models.go:65]2020/03/18 14:40:12 [modeles初始化完成]
[INFO][router.go:21]2020/03/18 14:40:12 [初始化路由!]
[INFO][router.go:79]2020/03/18 14:40:12 [路由初始化完成！]
[INFO][main.go:39]2020/03/18 14:40:12 [Actual pid is %d 12836]
[DEBUG][voiceservice.go:61]2020/03/18 14:40:19 [enter func GetVoiceServices]
[DEBUG][voiceservice.go:276]2020/03/18 14:40:34 [enter func DelVoiceService id: 3]
[DEBUG][voiceservice.go:61]2020/03/18 14:40:44 [enter func GetVoiceServices]
[DEBUG][voiceservice.go:61]2020/03/18 14:43:10 [enter func GetVoiceServices]
[DEBUG][voiceservice.go:61]2020/03/18 14:43:24 [enter func GetVoiceServices]
[INFO][main.go:44]2020/03/18 14:49:05 [Server err: %v accept tcp [::]:8000: use of closed network connection]
[INFO][models.go:23]2020/03/18 14:49:07 [modeles初始化]
[INFO][models.go:63]2020/03/18 14:49:07 [modeles初始化完成]
[INFO][router.go:21]2020/03/18 14:49:07 [初始化路由!]
[INFO][router.go:79]2020/03/18 14:49:07 [路由初始化完成！]
[INFO][main.go:39]2020/03/18 14:49:07 [Actual pid is %d 13231]
[DEBUG][voiceservice.go:61]2020/03/18 14:49:13 [enter func GetVoiceServices]
[DEBUG][voiceservice.go:28]2020/03/18 14:49:19 [enter func GetVoiceService,id: 4]
[DEBUG][voiceservice.go:276]2020/03/18 14:49:25 [enter func DelVoiceService id: 4]
[DEBUG][voiceservice.go:276]2020/03/18 14:49:29 [enter func DelVoiceService id: 5]
[INFO][main.go:44]2020/03/18 15:04:42 [Server err: %v accept tcp [::]:8000: use of closed network connection]
[INFO][models.go:23]2020/03/18 15:07:06 [modeles初始化]
[INFO][models.go:63]2020/03/18 15:07:06 [modeles初始化完成]
[INFO][router.go:21]2020/03/18 15:07:06 [初始化路由!]
[INFO][router.go:79]2020/03/18 15:07:06 [路由初始化完成！]
[INFO][main.go:39]2020/03/18 15:07:06 [Actual pid is %d 14106]
[INFO][main.go:44]2020/03/18 15:07:13 [Server err: %v accept tcp [::]:8000: use of closed network connection]
[INFO][router.go:21]2020/03/18 15:37:37 [初始化路由!]
[INFO][router.go:79]2020/03/18 15:37:37 [路由初始化完成！]
[INFO][main.go:34]2020/03/18 15:37:37 [Actual pid is %d 15599]
[DEBUG][voiceservice.go:61]2020/03/18 15:37:48 [enter func GetVoiceServices]
[INFO][main.go:39]2020/03/18 15:45:57 [Server err: %v accept tcp [::]:8000: use of closed network connection]
[INFO][router.go:21]2020/03/18 19:00:27 [初始化路由!]
[INFO][router.go:77]2020/03/18 19:00:27 [路由初始化完成！]
[INFO][main.go:34]2020/03/18 19:00:27 [Actual pid is %d 25057]
[DEBUG][voiceservice.go:27]2020/03/18 19:00:40 [enter func GetVoiceServices]
[INFO][request.go:11]2020/03/18 19:00:40 [state 状态只允许0或1]
[DEBUG][voiceservice.go:27]2020/03/19 09:53:05 [enter func GetVoiceServices]
[INFO][request.go:11]2020/03/19 09:53:05 [state 状态只允许0或1]
[INFO][main.go:39]2020/03/19 09:54:47 [Server err: %v accept tcp [::]:8000: use of closed network connection]
