[INFO][router.go:21]2020/03/20 10:48:46 [åˆå§‹åŒ–è·¯ç”±!]
[INFO][router.go:85]2020/03/20 10:48:46 [è·¯ç”±åˆå§‹åŒ–å®Œæˆï¼]
[INFO][main.go:33]2020/03/20 10:48:46 [Actual pid is %d 25880]
[DEBUG][client.go:22]2020/03/20 10:49:33 [enter func CliGetVoiceService]
[INFO][main.go:38]2020/03/20 11:51:20 [Server err: %v accept tcp [::]:8000: use of closed network connection]
[INFO][router.go:21]2020/03/20 11:51:24 [åˆå§‹åŒ–è·¯ç”±!]
[INFO][router.go:85]2020/03/20 11:51:24 [è·¯ç”±åˆå§‹åŒ–å®Œæˆï¼]
[INFO][main.go:33]2020/03/20 11:51:24 [Actual pid is %d 28533]
[INFO][main.go:38]2020/03/20 11:52:06 [Server err: %v accept tcp [::]:8000: use of closed network connection]
[INFO][router.go:21]2020/03/20 11:52:10 [åˆå§‹åŒ–è·¯ç”±!]
[INFO][router.go:85]2020/03/20 11:52:10 [è·¯ç”±åˆå§‹åŒ–å®Œæˆï¼]
[INFO][main.go:33]2020/03/20 11:52:10 [Actual pid is %d 28611]
[DEBUG][client.go:22]2020/03/20 11:52:44 [enter func CliGetVoiceService]
[ERROR][client.go:51]2020/03/20 11:52:44 [CliGetVoiceService  game  not exist appid: 12 appkey: 12]
[DEBUG][client.go:22]2020/03/20 11:53:04 [enter func CliGetVoiceService]
[DEBUG][client.go:22]2020/03/20 11:53:34 [enter func CliGetVoiceService]
[INFO][main.go:38]2020/03/20 11:54:25 [Server err: %v accept tcp [::]:8000: use of closed network connection]
[INFO][router.go:21]2020/03/20 11:54:29 [åˆå§‹åŒ–è·¯ç”±!]
[INFO][router.go:85]2020/03/20 11:54:29 [è·¯ç”±åˆå§‹åŒ–å®Œæˆï¼]
[INFO][main.go:33]2020/03/20 11:54:29 [Actual pid is %d 28738]
[DEBUG][client.go:22]2020/03/20 11:54:34 [enter func CliGetVoiceService]
[INFO][main.go:38]2020/03/20 11:56:11 [Server err: %v accept tcp [::]:8000: use of closed network connection]
[INFO][router.go:21]2020/03/20 11:56:14 [åˆå§‹åŒ–è·¯ç”±!]
[INFO][router.go:85]2020/03/20 11:56:14 [è·¯ç”±åˆå§‹åŒ–å®Œæˆï¼]
[INFO][main.go:33]2020/03/20 11:56:14 [Actual pid is %d 28863]
[DEBUG][client.go:22]2020/03/20 11:56:17 [enter func CliGetVoiceService]
[INFO][main.go:38]2020/03/20 11:58:11 [Server err: %v accept tcp [::]:8000: use of closed network connection]
[INFO][router.go:21]2020/03/20 11:58:14 [åˆå§‹åŒ–è·¯ç”±!]
[INFO][router.go:85]2020/03/20 11:58:14 [è·¯ç”±åˆå§‹åŒ–å®Œæˆï¼]
[INFO][main.go:33]2020/03/20 11:58:14 [Actual pid is %d 28993]
[DEBUG][client.go:22]2020/03/20 11:58:19 [enter func CliGetVoiceService]
[INFO][main.go:38]2020/03/20 12:00:17 [Server err: %v accept tcp [::]:8000: use of closed network connection]
[INFO][router.go:21]2020/03/20 12:00:19 [åˆå§‹åŒ–è·¯ç”±!]
[INFO][router.go:85]2020/03/20 12:00:19 [è·¯ç”±åˆå§‹åŒ–å®Œæˆï¼]
[INFO][main.go:33]2020/03/20 12:00:19 [Actual pid is %d 29147]
[DEBUG][client.go:22]2020/03/20 12:00:27 [enter func CliGetVoiceService]
[INFO][main.go:38]2020/03/20 12:03:29 [Server err: %v accept tcp [::]:8000: use of closed network connection]
[INFO][router.go:21]2020/03/20 12:03:31 [åˆå§‹åŒ–è·¯ç”±!]
[INFO][router.go:85]2020/03/20 12:03:31 [è·¯ç”±åˆå§‹åŒ–å®Œæˆï¼]
[INFO][main.go:33]2020/03/20 12:03:31 [Actual pid is %d 29356]
[DEBUG][client.go:22]2020/03/20 12:03:38 [enter func CliGetVoiceService]
[INFO][main.go:38]2020/03/20 12:22:23 [Server err: %v accept tcp [::]:8000: use of closed network connection]
[INFO][router.go:21]2020/03/20 12:22:27 [åˆå§‹åŒ–è·¯ç”±!]
[INFO][router.go:85]2020/03/20 12:22:27 [è·¯ç”±åˆå§‹åŒ–å®Œæˆï¼]
[INFO][main.go:33]2020/03/20 12:22:27 [Actual pid is %d 30171]
[DEBUG][client.go:22]2020/03/20 12:22:48 [enter func CliGetVoiceService]
[INFO][gameServiceRelation.go:134]2020/03/20 12:22:48 [quanjie-----name: ]
[INFO][main.go:38]2020/03/20 12:23:39 [Server err: %v accept tcp [::]:8000: use of closed network connection]
[INFO][router.go:21]2020/03/20 12:23:42 [åˆå§‹åŒ–è·¯ç”±!]
[INFO][router.go:85]2020/03/20 12:23:42 [è·¯ç”±åˆå§‹åŒ–å®Œæˆï¼]
[INFO][main.go:33]2020/03/20 12:23:42 [Actual pid is %d 30257]
[DEBUG][client.go:22]2020/03/20 12:23:44 [enter func CliGetVoiceService]
[INFO][gameServiceRelation.go:134]2020/03/20 12:23:44 [quanjie-----name: gvoice2]
[INFO][main.go:38]2020/03/20 12:25:03 [Server err: %v accept tcp [::]:8000: use of closed network connection]
[INFO][router.go:21]2020/03/20 12:25:06 [åˆå§‹åŒ–è·¯ç”±!]
[INFO][router.go:85]2020/03/20 12:25:06 [è·¯ç”±åˆå§‹åŒ–å®Œæˆï¼]
[INFO][main.go:33]2020/03/20 12:25:06 [Actual pid is %d 30380]
[DEBUG][client.go:22]2020/03/20 12:26:02 [enter func CliGetVoiceService]
[INFO][gameServiceRelation.go:134]2020/03/20 12:26:02 [quanjie-----name: gvoice2]
[DEBUG][client.go:22]2020/03/20 12:32:04 [enter func CliGetVoiceService]
[INFO][gameServiceRelation.go:134]2020/03/20 12:32:04 [quanjie-----name: gvoice3]
[DEBUG][client.go:22]2020/03/20 12:32:07 [enter func CliGetVoiceService]
[INFO][gameServiceRelation.go:134]2020/03/20 12:32:07 [quanjie-----name: gvoice3]
[DEBUG][client.go:22]2020/03/20 12:32:08 [enter func CliGetVoiceService]
[INFO][gameServiceRelation.go:134]2020/03/20 12:32:08 [quanjie-----name: gvoice3]
[DEBUG][client.go:22]2020/03/20 12:32:09 [enter func CliGetVoiceService]
[INFO][gameServiceRelation.go:134]2020/03/20 12:32:09 [quanjie-----name: gvoice3]
[DEBUG][client.go:22]2020/03/20 12:32:10 [enter func CliGetVoiceService]
[INFO][gameServiceRelation.go:134]2020/03/20 12:32:10 [quanjie-----name: gvoice3]
[DEBUG][client.go:22]2020/03/20 12:32:11 [enter func CliGetVoiceService]
[INFO][gameServiceRelation.go:134]2020/03/20 12:32:11 [quanjie-----name: gvoice3]
[DEBUG][client.go:22]2020/03/20 12:32:12 [enter func CliGetVoiceService]
[INFO][gameServiceRelation.go:134]2020/03/20 12:32:12 [quanjie-----name: gvoice3]
[DEBUG][client.go:22]2020/03/20 12:32:12 [enter func CliGetVoiceService]
[INFO][gameServiceRelation.go:134]2020/03/20 12:32:12 [quanjie-----name: gvoice3]
[DEBUG][client.go:22]2020/03/20 12:32:17 [enter func CliGetVoiceService]
[INFO][gameServiceRelation.go:134]2020/03/20 12:32:17 [quanjie-----name: gvoice3]
[DEBUG][client.go:22]2020/03/20 12:32:17 [enter func CliGetVoiceService]
[INFO][gameServiceRelation.go:134]2020/03/20 12:32:17 [quanjie-----name: gvoice3]
[DEBUG][client.go:22]2020/03/20 12:32:18 [enter func CliGetVoiceService]
[INFO][gameServiceRelation.go:134]2020/03/20 12:32:18 [quanjie-----name: gvoice3]
[INFO][main.go:38]2020/03/20 12:42:35 [Server err: %v accept tcp [::]:8000: use of closed network connection]
[INFO][router.go:21]2020/03/20 12:42:37 [åˆå§‹åŒ–è·¯ç”±!]
[INFO][router.go:85]2020/03/20 12:42:37 [è·¯ç”±åˆå§‹åŒ–å®Œæˆï¼]
[INFO][main.go:33]2020/03/20 12:42:37 [Actual pid is %d 31158]
[INFO][main.go:38]2020/03/20 12:42:53 [Server err: %v accept tcp [::]:8000: use of closed network connection]
[INFO][router.go:21]2020/03/20 12:42:58 [åˆå§‹åŒ–è·¯ç”±!]
[INFO][router.go:85]2020/03/20 12:42:58 [è·¯ç”±åˆå§‹åŒ–å®Œæˆï¼]
[INFO][main.go:33]2020/03/20 12:42:58 [Actual pid is %d 31207]
[DEBUG][client.go:23]2020/03/20 12:43:44 [enter func CliGetVoiceService]
[DEBUG][client.go:23]2020/03/20 12:43:50 [enter func CliGetVoiceService]
[DEBUG][client.go:23]2020/03/20 12:43:51 [enter func CliGetVoiceService]
[DEBUG][client.go:23]2020/03/20 12:43:52 [enter func CliGetVoiceService]
[DEBUG][client.go:23]2020/03/20 12:43:52 [enter func CliGetVoiceService]
[DEBUG][client.go:23]2020/03/20 12:43:53 [enter func CliGetVoiceService]
[DEBUG][client.go:23]2020/03/20 12:43:53 [enter func CliGetVoiceService]
[DEBUG][client.go:23]2020/03/20 12:43:53 [enter func CliGetVoiceService]
[INFO][main.go:38]2020/03/20 12:46:02 [Server err: %v accept tcp [::]:8000: use of closed network connection]
[INFO][router.go:21]2020/03/20 12:46:05 [åˆå§‹åŒ–è·¯ç”±!]
[INFO][router.go:85]2020/03/20 12:46:05 [è·¯ç”±åˆå§‹åŒ–å®Œæˆï¼]
[INFO][main.go:33]2020/03/20 12:46:05 [Actual pid is %d 31390]
[DEBUG][client.go:23]2020/03/20 12:46:12 [enter func CliGetVoiceService]
[ERROR][client.go:76]2020/03/20 12:46:12 [CliGetVoiceService  GetVoiceService: 123123123 appkey: asdasd12ecasdqe12e error: Error 1064: You have an error in your SQL syntax; check the manual that corresponds to your MySQL server version for the right syntax to use near 'a.id=c.service_id and b.id=c.game_id and a.state=1 and b.app_id=? and a.name=?' at line 1]
[DEBUG][client.go:23]2020/03/20 12:47:44 [enter func CliGetVoiceService]
[ERROR][client.go:76]2020/03/20 12:47:44 [CliGetVoiceService  GetVoiceService: 123123123 appkey: asdasd12ecasdqe12e error: Error 1064: You have an error in your SQL syntax; check the manual that corresponds to your MySQL server version for the right syntax to use near 'a.id=c.service_id and b.id=c.game_id and a.state=1 and b.app_id=? and a.name=?' at line 1]
[INFO][main.go:38]2020/03/20 12:48:38 [Server err: %v accept tcp [::]:8000: use of closed network connection]
[INFO][router.go:21]2020/03/20 12:48:40 [åˆå§‹åŒ–è·¯ç”±!]
[INFO][router.go:85]2020/03/20 12:48:40 [è·¯ç”±åˆå§‹åŒ–å®Œæˆï¼]
[INFO][main.go:33]2020/03/20 12:48:40 [Actual pid is %d 31535]
[DEBUG][client.go:23]2020/03/20 12:48:42 [enter func CliGetVoiceService]
[DEBUG][client.go:23]2020/03/20 12:48:46 [enter func CliGetVoiceService]
[ERROR][client.go:76]2020/03/20 12:48:46 [CliGetVoiceService  GetVoiceService: 123123123 appkey: asdasd12ecasdqe12e error: record not found]
[DEBUG][client.go:23]2020/03/20 13:51:00 [enter func CliGetVoiceService]
[ERROR][client.go:76]2020/03/20 13:51:00 [CliGetVoiceService  GetVoiceService: 123123123 appkey: asdasd12ecasdqe12e error: record not found]
[DEBUG][client.go:23]2020/03/20 13:51:13 [enter func CliGetVoiceService]
[INFO][main.go:38]2020/03/20 14:04:53 [Server err: %v accept tcp [::]:8000: use of closed network connection]
[INFO][router.go:21]2020/03/20 14:04:55 [åˆå§‹åŒ–è·¯ç”±!]
[INFO][router.go:85]2020/03/20 14:04:55 [è·¯ç”±åˆå§‹åŒ–å®Œæˆï¼]
[INFO][main.go:33]2020/03/20 14:04:55 [Actual pid is %d 2488]
[INFO][main.go:38]2020/03/20 14:05:58 [Server err: %v accept tcp [::]:8000: use of closed network connection]
[INFO][router.go:21]2020/03/20 14:06:02 [åˆå§‹åŒ–è·¯ç”±!]
[INFO][router.go:85]2020/03/20 14:06:02 [è·¯ç”±åˆå§‹åŒ–å®Œæˆï¼]
[INFO][main.go:33]2020/03/20 14:06:02 [Actual pid is %d 2577]
[INFO][main.go:38]2020/03/20 14:06:39 [Server err: %v accept tcp [::]:8000: use of closed network connection]
[INFO][router.go:21]2020/03/20 14:06:43 [åˆå§‹åŒ–è·¯ç”±!]
[INFO][router.go:85]2020/03/20 14:06:43 [è·¯ç”±åˆå§‹åŒ–å®Œæˆï¼]
[INFO][main.go:33]2020/03/20 14:06:43 [Actual pid is %d 2645]
[INFO][request.go:11]2020/03/20 14:07:12 [CreatedBy.Required. Can not be empty]
[ERROR][game.go:146]2020/03/20 14:07:12 [AddGame  BindAndValid  err: 400]
[INFO][main.go:38]2020/03/20 14:08:47 [Server err: %v accept tcp [::]:8000: use of closed network connection]
[INFO][router.go:21]2020/03/20 14:09:19 [åˆå§‹åŒ–è·¯ç”±!]
[INFO][router.go:85]2020/03/20 14:09:19 [è·¯ç”±åˆå§‹åŒ–å®Œæˆï¼]
[INFO][main.go:33]2020/03/20 14:09:19 [Actual pid is %d 2800]
[INFO][game.go:52]2020/03/20 14:10:03 [Add  game: æ‰¾ä½ ç©å•Š appid: 159514736 appkey: ùüRYI¬e¤² Àöâ:f—U>NØºÀpèÖ?w¿p]
[ERROR][game.go:172]2020/03/20 14:10:03 [AddGame    Add  err: Error 1366: Incorrect string value: '\xF9\xFCRYI\xAC...' for column 'app_key' at row 1]
[INFO][main.go:38]2020/03/20 14:18:51 [Server err: %v accept tcp [::]:8000: use of closed network connection]
[INFO][router.go:21]2020/03/20 14:18:54 [åˆå§‹åŒ–è·¯ç”±!]
[INFO][router.go:85]2020/03/20 14:18:54 [è·¯ç”±åˆå§‹åŒ–å®Œæˆï¼]
[INFO][main.go:33]2020/03/20 14:18:54 [Actual pid is %d 3724]
[INFO][game.go:52]2020/03/20 14:19:18 [Add  game: nihao  appid: 866310698 appkey: b1e9d6259bd7cbddb49a3ab878cc17af3ecf6f8f57cdf36887f8ba9a803e0ee6]
[INFO][main.go:38]2020/03/20 14:28:19 [Server err: %v accept tcp [::]:8000: use of closed network connection]
