[INFO][models.go:22]2020/03/16 15:29:34 [modeles初始化]
[INFO][models.go:59]2020/03/16 15:29:34 [modeles初始化完成]
[INFO][router.go:13]2020/03/16 15:29:34 [初始化路由!]
[INFO][router.go:51]2020/03/16 15:29:34 [路由初始化完成！]
[INFO][models.go:22]2020/03/16 15:30:38 [modeles初始化]
[INFO][models.go:59]2020/03/16 15:30:38 [modeles初始化完成]
[INFO][router.go:13]2020/03/16 15:30:38 [初始化路由!]
[INFO][router.go:51]2020/03/16 15:30:38 [路由初始化完成！]
[INFO][main.go:23]2020/03/16 15:30:38 [Servers listening  in:[%d] 8000]
[INFO][models.go:22]2020/03/16 15:34:05 [modeles初始化]
[INFO][models.go:59]2020/03/16 15:34:05 [modeles初始化完成]
[INFO][router.go:13]2020/03/16 15:34:05 [初始化路由!]
[INFO][router.go:51]2020/03/16 15:34:05 [路由初始化完成！]
[INFO][main.go:23]2020/03/16 15:34:05 [Servers listening  in:[%d] 8000]
[INFO][models.go:22]2020/03/16 15:35:37 [modeles初始化]
[INFO][models.go:59]2020/03/16 15:35:37 [modeles初始化完成]
[INFO][router.go:13]2020/03/16 15:35:37 [初始化路由!]
[INFO][router.go:51]2020/03/16 15:35:37 [路由初始化完成！]
[INFO][main.go:23]2020/03/16 15:35:37 [Servers listening  in: 8000]
[INFO][models.go:22]2020/03/16 15:45:20 [modeles初始化]
[INFO][models.go:59]2020/03/16 15:45:20 [modeles初始化完成]
[INFO][router.go:13]2020/03/16 15:45:20 [初始化路由!]
[INFO][router.go:51]2020/03/16 15:45:20 [路由初始化完成！]
[INFO][main.go:23]2020/03/16 15:45:20 [Servers listening  in: 8000]
[INFO][jwt.go:31]2020/03/16 15:45:43 [参与校验的用户名: test 密码： test123456]
[INFO][models.go:22]2020/03/16 15:52:01 [modeles初始化]
[INFO][models.go:59]2020/03/16 15:52:01 [modeles初始化完成]
[INFO][router.go:13]2020/03/16 15:52:01 [初始化路由!]
[INFO][router.go:51]2020/03/16 15:52:01 [路由初始化完成！]
[INFO][main.go:33]2020/03/16 15:52:01 [Actual pid is %d 25359]
[INFO][main.go:38]2020/03/16 15:52:26 [Server err: %v accept tcp [::]:8000: use of closed network connection]
[INFO][models.go:22]2020/03/16 15:53:04 [modeles初始化]
[INFO][models.go:59]2020/03/16 15:53:04 [modeles初始化完成]
[INFO][router.go:13]2020/03/16 15:53:04 [初始化路由!]
[INFO][router.go:51]2020/03/16 15:53:04 [路由初始化完成！]
[INFO][main.go:33]2020/03/16 15:53:04 [Actual pid is %d 25680]
[INFO][main.go:38]2020/03/16 15:53:15 [Server err: %v accept tcp [::]:8000: use of closed network connection]
[INFO][models.go:22]2020/03/16 15:55:04 [modeles初始化]
[INFO][models.go:59]2020/03/16 15:55:04 [modeles初始化完成]
[INFO][router.go:13]2020/03/16 15:55:04 [初始化路由!]
[INFO][router.go:51]2020/03/16 15:55:04 [路由初始化完成！]
[INFO][main.go:33]2020/03/16 15:55:04 [Actual pid is %d 26767]
[INFO][main.go:38]2020/03/16 15:55:18 [Server err: %v accept tcp [::]:8000: use of closed network connection]
[INFO][models.go:22]2020/03/16 15:56:22 [modeles初始化]
[INFO][models.go:59]2020/03/16 15:56:22 [modeles初始化完成]
[INFO][router.go:13]2020/03/16 15:56:22 [初始化路由!]
[INFO][router.go:51]2020/03/16 15:56:22 [路由初始化完成！]
[INFO][main.go:33]2020/03/16 15:56:22 [Actual pid is %d 26911]
[INFO][models.go:22]2020/03/16 15:56:36 [modeles初始化]
[INFO][models.go:59]2020/03/16 15:56:36 [modeles初始化完成]
[INFO][router.go:13]2020/03/16 15:56:36 [初始化路由!]
[INFO][router.go:51]2020/03/16 15:56:36 [路由初始化完成！]
[INFO][main.go:33]2020/03/16 15:56:36 [Actual pid is %d 26982]
[INFO][main.go:38]2020/03/16 15:56:36 [Server err: %v accept tcp [::]:8000: use of closed network connection]
[INFO][jwt.go:31]2020/03/16 15:56:58 [参与校验的用户名: test 密码： test123456]
[INFO][models.go:22]2020/03/16 16:21:58 [modeles初始化]
[INFO][models.go:59]2020/03/16 16:21:58 [modeles初始化完成]
[INFO][router.go:13]2020/03/16 16:21:58 [初始化路由!]
[INFO][router.go:51]2020/03/16 16:21:58 [路由初始化完成！]
[INFO][main.go:38]2020/03/16 16:21:58 [Server err: %v net.Listen error: listen tcp :8000: bind: address already in use]
[INFO][models.go:22]2020/03/16 16:22:35 [modeles初始化]
[INFO][models.go:59]2020/03/16 16:22:35 [modeles初始化完成]
[INFO][router.go:13]2020/03/16 16:22:35 [初始化路由!]
[INFO][router.go:51]2020/03/16 16:22:35 [路由初始化完成！]
[INFO][main.go:33]2020/03/16 16:22:35 [Actual pid is %d 29715]
[INFO][main.go:38]2020/03/16 16:23:14 [Server err: %v accept tcp [::]:8000: use of closed network connection]
[INFO][models.go:22]2020/03/16 16:27:00 [modeles初始化]
[INFO][models.go:59]2020/03/16 16:27:00 [modeles初始化完成]
[INFO][router.go:21]2020/03/16 16:27:00 [初始化路由!]
[INFO][router.go:61]2020/03/16 16:27:00 [路由初始化完成！]
[INFO][main.go:33]2020/03/16 16:27:00 [Actual pid is %d 31989]
[INFO][main.go:38]2020/03/16 16:31:04 [Server err: %v accept tcp [::]:8000: use of closed network connection]
[INFO][models.go:22]2020/03/16 16:42:12 [modeles初始化]
[INFO][models.go:59]2020/03/16 16:42:12 [modeles初始化完成]
[INFO][router.go:21]2020/03/16 16:42:12 [初始化路由!]
[INFO][router.go:61]2020/03/16 16:42:12 [路由初始化完成！]
[INFO][main.go:33]2020/03/16 16:42:12 [Actual pid is %d 2013]
[INFO][main.go:38]2020/03/16 16:48:01 [Server err: %v accept tcp [::]:8000: use of closed network connection]
[INFO][models.go:22]2020/03/16 17:48:43 [modeles初始化]
[INFO][models.go:59]2020/03/16 17:48:43 [modeles初始化完成]
[INFO][router.go:21]2020/03/16 17:48:43 [初始化路由!]
[INFO][router.go:61]2020/03/16 17:48:43 [路由初始化完成！]
[INFO][main.go:33]2020/03/16 17:48:43 [Actual pid is %d 10119]
[INFO][main.go:38]2020/03/16 17:48:45 [Server err: %v accept tcp [::]:8000: use of closed network connection]
[INFO][models.go:22]2020/03/16 18:11:38 [modeles初始化]
[INFO][models.go:59]2020/03/16 18:11:38 [modeles初始化完成]
[INFO][router.go:21]2020/03/16 18:11:38 [初始化路由!]
[INFO][router.go:61]2020/03/16 18:11:38 [路由初始化完成！]
[INFO][main.go:33]2020/03/16 18:11:38 [Actual pid is %d 13642]
[INFO][main.go:38]2020/03/16 18:11:39 [Server err: %v accept tcp [::]:8000: use of closed network connection]
